Build started 5/12/2015 12:39:59 PM.
     1>Project "U:\Users\Joshua Voysey\Documents\GitHub\ProjectGameEngine\ProjectEngine\ProjectEngine.vcxproj" on node 2 (Build target(s)).
     1>ClCompile:
         P:\Program Files (x86)\Microsoft Visual Studio 12.0\VC\bin\CL.exe /c /ZI /nologo /W3 /WX- /sdl /Od /Oy- /D WIN32 /D _DEBUG /D _WINDOWS /D SFML_STATIC /D _UNICODE /D UNICODE /Gm /EHsc /RTC1 /MDd /GS /fp:precise /Zc:wchar_t /Zc:forScope /Fo"Debug\\" /Fd"Debug\vc120.pdb" /Gd /TP /analyze- /errorReport:prompt CameraController.cpp
         CameraController.cpp
       Link:
         P:\Program Files (x86)\Microsoft Visual Studio 12.0\VC\bin\link.exe /ERRORREPORT:PROMPT /OUT:"U:\Users\Joshua Voysey\Documents\GitHub\ProjectGameEngine\Debug\ProjectEngine.exe" /INCREMENTAL /NOLOGO opengl32.lib jpeg.lib "sfml-main-d.lib" winmm.lib "sfml-graphics-s-d.lib" "sfml-window-s-d.lib" "sfml-system-s-d.lib" kernel32.lib user32.lib gdi32.lib winspool.lib comdlg32.lib advapi32.lib shell32.lib ole32.lib oleaut32.lib uuid.lib odbc32.lib odbccp32.lib /MANIFEST /MANIFESTUAC:"level='asInvoker' uiAccess='false'" /manifest:embed /DEBUG /PDB:"U:\Users\Joshua Voysey\Documents\GitHub\ProjectGameEngine\Debug\ProjectEngine.pdb" /SUBSYSTEM:WINDOWS /TLBID:1 /DYNAMICBASE /NXCOMPAT /IMPLIB:"U:\Users\Joshua Voysey\Documents\GitHub\ProjectGameEngine\Debug\ProjectEngine.lib" /MACHINE:X86 Debug\Camera.obj
         Debug\CameraController.obj
         Debug\DynamicObject.obj
         Debug\GameAssetFactory.obj
         Debug\GLM.obj
         Debug\gl_core_4_3.obj
         Debug\GraphicsCore.obj
         Debug\ImageLoader.obj
         Debug\main.obj
         Debug\NPC.obj
         Debug\OpenGL.obj
         Debug\Player.obj
         Debug\ShaderReader.obj
         Debug\SJWindow.obj
         Debug\StaticObject.obj
     1>sfml-main-d.lib(MainWin32.cpp.obj) : warning LNK4099: PDB 'vc120.pdb' was not found with 'sfml-main-d.lib(MainWin32.cpp.obj)' or at 'U:\Users\Joshua Voysey\Documents\GitHub\ProjectGameEngine\Debug\vc120.pdb'; linking object as if no debug info
     1>sfml-graphics-s-d.lib(Color.cpp.obj) : warning LNK4099: PDB 'vc120.pdb' was not found with 'sfml-graphics-s-d.lib(Color.cpp.obj)' or at 'U:\Users\Joshua Voysey\Documents\GitHub\ProjectGameEngine\Debug\vc120.pdb'; linking object as if no debug info
     1>sfml-graphics-s-d.lib(Image.cpp.obj) : warning LNK4099: PDB 'vc120.pdb' was not found with 'sfml-graphics-s-d.lib(Image.cpp.obj)' or at 'U:\Users\Joshua Voysey\Documents\GitHub\ProjectGameEngine\Debug\vc120.pdb'; linking object as if no debug info
     1>sfml-graphics-s-d.lib(ImageLoader.cpp.obj) : warning LNK4099: PDB 'vc120.pdb' was not found with 'sfml-graphics-s-d.lib(ImageLoader.cpp.obj)' or at 'U:\Users\Joshua Voysey\Documents\GitHub\ProjectGameEngine\Debug\vc120.pdb'; linking object as if no debug info
     1>sfml-window-s-d.lib(GlContext.cpp.obj) : warning LNK4099: PDB 'vc120.pdb' was not found with 'sfml-window-s-d.lib(GlContext.cpp.obj)' or at 'U:\Users\Joshua Voysey\Documents\GitHub\ProjectGameEngine\Debug\vc120.pdb'; linking object as if no debug info
     1>sfml-window-s-d.lib(GlResource.cpp.obj) : warning LNK4099: PDB 'vc120.pdb' was not found with 'sfml-window-s-d.lib(GlResource.cpp.obj)' or at 'U:\Users\Joshua Voysey\Documents\GitHub\ProjectGameEngine\Debug\vc120.pdb'; linking object as if no debug info
     1>sfml-window-s-d.lib(Joystick.cpp.obj) : warning LNK4099: PDB 'vc120.pdb' was not found with 'sfml-window-s-d.lib(Joystick.cpp.obj)' or at 'U:\Users\Joshua Voysey\Documents\GitHub\ProjectGameEngine\Debug\vc120.pdb'; linking object as if no debug info
     1>sfml-window-s-d.lib(JoystickManager.cpp.obj) : warning LNK4099: PDB 'vc120.pdb' was not found with 'sfml-window-s-d.lib(JoystickManager.cpp.obj)' or at 'U:\Users\Joshua Voysey\Documents\GitHub\ProjectGameEngine\Debug\vc120.pdb'; linking object as if no debug info
     1>sfml-window-s-d.lib(SensorManager.cpp.obj) : warning LNK4099: PDB 'vc120.pdb' was not found with 'sfml-window-s-d.lib(SensorManager.cpp.obj)' or at 'U:\Users\Joshua Voysey\Documents\GitHub\ProjectGameEngine\Debug\vc120.pdb'; linking object as if no debug info
     1>sfml-window-s-d.lib(VideoMode.cpp.obj) : warning LNK4099: PDB 'vc120.pdb' was not found with 'sfml-window-s-d.lib(VideoMode.cpp.obj)' or at 'U:\Users\Joshua Voysey\Documents\GitHub\ProjectGameEngine\Debug\vc120.pdb'; linking object as if no debug info
     1>sfml-window-s-d.lib(Window.cpp.obj) : warning LNK4099: PDB 'vc120.pdb' was not found with 'sfml-window-s-d.lib(Window.cpp.obj)' or at 'U:\Users\Joshua Voysey\Documents\GitHub\ProjectGameEngine\Debug\vc120.pdb'; linking object as if no debug info
     1>sfml-window-s-d.lib(WindowImpl.cpp.obj) : warning LNK4099: PDB 'vc120.pdb' was not found with 'sfml-window-s-d.lib(WindowImpl.cpp.obj)' or at 'U:\Users\Joshua Voysey\Documents\GitHub\ProjectGameEngine\Debug\vc120.pdb'; linking object as if no debug info
     1>sfml-window-s-d.lib(WglContext.cpp.obj) : warning LNK4099: PDB 'vc120.pdb' was not found with 'sfml-window-s-d.lib(WglContext.cpp.obj)' or at 'U:\Users\Joshua Voysey\Documents\GitHub\ProjectGameEngine\Debug\vc120.pdb'; linking object as if no debug info
     1>sfml-window-s-d.lib(JoystickImpl.cpp.obj) : warning LNK4099: PDB 'vc120.pdb' was not found with 'sfml-window-s-d.lib(JoystickImpl.cpp.obj)' or at 'U:\Users\Joshua Voysey\Documents\GitHub\ProjectGameEngine\Debug\vc120.pdb'; linking object as if no debug info
     1>sfml-window-s-d.lib(SensorImpl.cpp.obj) : warning LNK4099: PDB 'vc120.pdb' was not found with 'sfml-window-s-d.lib(SensorImpl.cpp.obj)' or at 'U:\Users\Joshua Voysey\Documents\GitHub\ProjectGameEngine\Debug\vc120.pdb'; linking object as if no debug info
     1>sfml-window-s-d.lib(VideoModeImpl.cpp.obj) : warning LNK4099: PDB 'vc120.pdb' was not found with 'sfml-window-s-d.lib(VideoModeImpl.cpp.obj)' or at 'U:\Users\Joshua Voysey\Documents\GitHub\ProjectGameEngine\Debug\vc120.pdb'; linking object as if no debug info
     1>sfml-window-s-d.lib(WindowImplWin32.cpp.obj) : warning LNK4099: PDB 'vc120.pdb' was not found with 'sfml-window-s-d.lib(WindowImplWin32.cpp.obj)' or at 'U:\Users\Joshua Voysey\Documents\GitHub\ProjectGameEngine\Debug\vc120.pdb'; linking object as if no debug info
     1>sfml-system-s-d.lib(Clock.cpp.obj) : warning LNK4099: PDB 'vc120.pdb' was not found with 'sfml-system-s-d.lib(Clock.cpp.obj)' or at 'U:\Users\Joshua Voysey\Documents\GitHub\ProjectGameEngine\Debug\vc120.pdb'; linking object as if no debug info
     1>sfml-system-s-d.lib(Err.cpp.obj) : warning LNK4099: PDB 'vc120.pdb' was not found with 'sfml-system-s-d.lib(Err.cpp.obj)' or at 'U:\Users\Joshua Voysey\Documents\GitHub\ProjectGameEngine\Debug\vc120.pdb'; linking object as if no debug info
     1>sfml-system-s-d.lib(Lock.cpp.obj) : warning LNK4099: PDB 'vc120.pdb' was not found with 'sfml-system-s-d.lib(Lock.cpp.obj)' or at 'U:\Users\Joshua Voysey\Documents\GitHub\ProjectGameEngine\Debug\vc120.pdb'; linking object as if no debug info
     1>sfml-system-s-d.lib(Mutex.cpp.obj) : warning LNK4099: PDB 'vc120.pdb' was not found with 'sfml-system-s-d.lib(Mutex.cpp.obj)' or at 'U:\Users\Joshua Voysey\Documents\GitHub\ProjectGameEngine\Debug\vc120.pdb'; linking object as if no debug info
     1>sfml-system-s-d.lib(Sleep.cpp.obj) : warning LNK4099: PDB 'vc120.pdb' was not found with 'sfml-system-s-d.lib(Sleep.cpp.obj)' or at 'U:\Users\Joshua Voysey\Documents\GitHub\ProjectGameEngine\Debug\vc120.pdb'; linking object as if no debug info
     1>sfml-system-s-d.lib(String.cpp.obj) : warning LNK4099: PDB 'vc120.pdb' was not found with 'sfml-system-s-d.lib(String.cpp.obj)' or at 'U:\Users\Joshua Voysey\Documents\GitHub\ProjectGameEngine\Debug\vc120.pdb'; linking object as if no debug info
     1>sfml-system-s-d.lib(ThreadLocal.cpp.obj) : warning LNK4099: PDB 'vc120.pdb' was not found with 'sfml-system-s-d.lib(ThreadLocal.cpp.obj)' or at 'U:\Users\Joshua Voysey\Documents\GitHub\ProjectGameEngine\Debug\vc120.pdb'; linking object as if no debug info
     1>sfml-system-s-d.lib(Time.cpp.obj) : warning LNK4099: PDB 'vc120.pdb' was not found with 'sfml-system-s-d.lib(Time.cpp.obj)' or at 'U:\Users\Joshua Voysey\Documents\GitHub\ProjectGameEngine\Debug\vc120.pdb'; linking object as if no debug info
     1>sfml-system-s-d.lib(ClockImpl.cpp.obj) : warning LNK4099: PDB 'vc120.pdb' was not found with 'sfml-system-s-d.lib(ClockImpl.cpp.obj)' or at 'U:\Users\Joshua Voysey\Documents\GitHub\ProjectGameEngine\Debug\vc120.pdb'; linking object as if no debug info
     1>sfml-system-s-d.lib(MutexImpl.cpp.obj) : warning LNK4099: PDB 'vc120.pdb' was not found with 'sfml-system-s-d.lib(MutexImpl.cpp.obj)' or at 'U:\Users\Joshua Voysey\Documents\GitHub\ProjectGameEngine\Debug\vc120.pdb'; linking object as if no debug info
     1>sfml-system-s-d.lib(SleepImpl.cpp.obj) : warning LNK4099: PDB 'vc120.pdb' was not found with 'sfml-system-s-d.lib(SleepImpl.cpp.obj)' or at 'U:\Users\Joshua Voysey\Documents\GitHub\ProjectGameEngine\Debug\vc120.pdb'; linking object as if no debug info
     1>sfml-system-s-d.lib(ThreadLocalImpl.cpp.obj) : warning LNK4099: PDB 'vc120.pdb' was not found with 'sfml-system-s-d.lib(ThreadLocalImpl.cpp.obj)' or at 'U:\Users\Joshua Voysey\Documents\GitHub\ProjectGameEngine\Debug\vc120.pdb'; linking object as if no debug info
         ProjectEngine.vcxproj -> U:\Users\Joshua Voysey\Documents\GitHub\ProjectGameEngine\Debug\ProjectEngine.exe
     1>Done Building Project "U:\Users\Joshua Voysey\Documents\GitHub\ProjectGameEngine\ProjectEngine\ProjectEngine.vcxproj" (Build target(s)).

Build succeeded.

Time Elapsed 00:00:02.76
