c:\users\tan\documents\visual studio 2013\projects\projectgameengine\projectengine\debug\vc120.pdb
c:\users\tan\documents\visual studio 2013\projects\projectgameengine\projectengine\debug\vc120.idb
c:\users\tan\documents\visual studio 2013\projects\projectgameengine\projectengine\debug\npc.obj
c:\users\tan\documents\visual studio 2013\projects\projectgameengine\projectengine\debug\opengl.obj
c:\users\tan\documents\visual studio 2013\projects\projectgameengine\projectengine\debug\openglrenderer.obj
c:\users\tan\documents\visual studio 2013\projects\projectgameengine\projectengine\debug\player.obj
c:\users\tan\documents\visual studio 2013\projects\projectgameengine\projectengine\debug\rendererfactory.obj
c:\users\tan\documents\visual studio 2013\projects\projectgameengine\projectengine\debug\resourcemanager.obj
c:\users\tan\documents\visual studio 2013\projects\projectgameengine\projectengine\debug\scenemanager.obj
c:\users\tan\documents\visual studio 2013\projects\projectgameengine\projectengine\debug\sfml_timing.obj
c:\users\tan\documents\visual studio 2013\projects\projectgameengine\projectengine\debug\shader.obj
c:\users\tan\documents\visual studio 2013\projects\projectgameengine\projectengine\debug\shaderprogram.obj
c:\users\tan\documents\visual studio 2013\projects\projectgameengine\projectengine\debug\shaderreader.obj
c:\users\tan\documents\visual studio 2013\projects\projectgameengine\projectengine\debug\singleton.obj
c:\users\tan\documents\visual studio 2013\projects\projectgameengine\projectengine\debug\sjwindow.obj
c:\users\tan\documents\visual studio 2013\projects\projectgameengine\projectengine\debug\staticobject.obj
c:\users\tan\documents\visual studio 2013\projects\projectgameengine\projectengine\debug\terrain.obj
c:\users\tan\documents\visual studio 2013\projects\projectgameengine\projectengine\debug\terrainfactory.obj
c:\users\tan\documents\visual studio 2013\projects\projectgameengine\projectengine\debug\text.obj
c:\users\tan\documents\visual studio 2013\projects\projectgameengine\projectengine\debug\texture.obj
c:\users\tan\documents\visual studio 2013\projects\projectgameengine\projectengine\debug\timing.obj
c:\users\tan\documents\visual studio 2013\projects\projectgameengine\projectengine\debug\window.obj
c:\users\tan\documents\visual studio 2013\projects\projectgameengine\projectengine\debug\dynamicobject.obj
c:\users\tan\documents\visual studio 2013\projects\projectgameengine\projectengine\debug\engine.obj
c:\users\tan\documents\visual studio 2013\projects\projectgameengine\projectengine\debug\filereader.obj
c:\users\tan\documents\visual studio 2013\projects\projectgameengine\projectengine\debug\game.obj
c:\users\tan\documents\visual studio 2013\projects\projectgameengine\projectengine\debug\gameassetfactory.obj
c:\users\tan\documents\visual studio 2013\projects\projectgameengine\projectengine\debug\glm.obj
c:\users\tan\documents\visual studio 2013\projects\projectgameengine\projectengine\debug\gl_core_4_3.obj
c:\users\tan\documents\visual studio 2013\projects\projectgameengine\projectengine\debug\graphicscore.obj
c:\users\tan\documents\visual studio 2013\projects\projectgameengine\projectengine\debug\hud.obj
c:\users\tan\documents\visual studio 2013\projects\projectgameengine\projectengine\debug\iasset.obj
c:\users\tan\documents\visual studio 2013\projects\projectgameengine\projectengine\debug\imageloader.obj
c:\users\tan\documents\visual studio 2013\projects\projectgameengine\projectengine\debug\inputhandler.obj
c:\users\tan\documents\visual studio 2013\projects\projectgameengine\projectengine\debug\inputmanager.obj
c:\users\tan\documents\visual studio 2013\projects\projectgameengine\projectengine\debug\irenderer.obj
c:\users\tan\documents\visual studio 2013\projects\projectgameengine\projectengine\debug\jvshader.obj
c:\users\tan\documents\visual studio 2013\projects\projectgameengine\projectengine\debug\main.obj
c:\users\tan\documents\visual studio 2013\projects\projectgameengine\projectengine\debug\material.obj
c:\users\tan\documents\visual studio 2013\projects\projectgameengine\projectengine\debug\menu.obj
c:\users\tan\documents\visual studio 2013\projects\projectgameengine\projectengine\debug\meshloader.obj
c:\users\tan\documents\visual studio 2013\projects\projectgameengine\projectengine\debug\multitexture.obj
c:\users\tan\documents\visual studio 2013\projects\projectgameengine\projectengine\debug\camera.obj
c:\users\tan\documents\visual studio 2013\projects\projectgameengine\projectengine\debug\cameracontroller.obj
c:\users\tan\documents\visual studio 2013\projects\projectgameengine\debug\projectengine.ilk
c:\users\tan\documents\visual studio 2013\projects\projectgameengine\debug\projectengine.exe
c:\users\tan\documents\visual studio 2013\projects\projectgameengine\debug\projectengine.pdb
c:\users\tan\documents\visual studio 2013\projects\projectgameengine\projectengine\debug\projectengine.tlog\cl.command.1.tlog
c:\users\tan\documents\visual studio 2013\projects\projectgameengine\projectengine\debug\projectengine.tlog\cl.read.1.tlog
c:\users\tan\documents\visual studio 2013\projects\projectgameengine\projectengine\debug\projectengine.tlog\cl.write.1.tlog
c:\users\tan\documents\visual studio 2013\projects\projectgameengine\projectengine\debug\projectengine.tlog\link.command.1.tlog
c:\users\tan\documents\visual studio 2013\projects\projectgameengine\projectengine\debug\projectengine.tlog\link.read.1.tlog
c:\users\tan\documents\visual studio 2013\projects\projectgameengine\projectengine\debug\projectengine.tlog\link.write.1.tlog
